<?xml version="1.0" encoding="UTF-8"?>
<testsuite name="TestStage4" tests="1" skipped="0" failures="0" errors="0" timestamp="2022-08-04T11:03:44" hostname="OMOTAYO" time="1.35">
  <properties/>
  <testcase name="start" classname="TestStage4" time="1.35"/>
  <system-out><![CDATA[?[1;31m
Start test 1?[0m
The username is Max.
?[1;31m
Start test 2?[0m
The file 'abc.txt' is tracked.
?[1;31m
Start test 3?[0m
These are SVCS commands:
config     Get and set a username.
add        Add a file to the index.
log        Show commit logs.
commit     Save changes.
checkout   Restore a file.
These are SVCS commands:
config     Get and set a username.
add        Add a file to the index.
log        Show commit logs.
commit     Save changes.
checkout   Restore a file.
?[1;31m
Start test 4?[0m
Please, tell me who you are.
The username is Max.
The username is Max.
The username is John.
The username is John.
?[1;31m
Start test 5?[0m
Add a file to the index.
The file 'file175.txt' is tracked.
Tracked files:
file175.txt
The file 'file533.txt' is tracked.
Tracked files:
file175.txt
file533.txt
Can't find 'file41.txt'.
?[1;31m
Start test 6?[0m
The username is Marie437.
The file 'first_file.txt' is tracked.
The file 'second_file.txt' is tracked.
Changes are committed.
?[1;31m
Start test 7?[0m
The username is Sofie270.
The file 'first_file.txt' is tracked.
The file 'second_file.txt' is tracked.
No commits yet.
Message was not passed.
Changes are committed.
commit 26854a80c6a6c275052043c2a8703f1a45b353c9bd4d89ae840075f031baaa4a
Author: Sofie270
Test message

Nothing to commit.
Changes are committed.
commit 80e8172be9a649cf933509336d8a6db917db77c3a6ba9f72cfdd2cc1a1f982a1
Author: Sofie270
Test message3

commit 26854a80c6a6c275052043c2a8703f1a45b353c9bd4d89ae840075f031baaa4a
Author: Sofie270
Test message

?[1;31m
Start test 8?[0m
The username is Sofie606.
The file 'first_file.txt' is tracked.
The file 'second_file.txt' is tracked.
Changes are committed.
Changes are committed.
Commit id was not passed.
Commit does not exist.
commit 8b44f1cbff30d970d815619bf59b8a61d3a2e54e92df7f3e31f599f025f6c474
Author: Sofie606
Second commit

commit e79b7bf3e98567b5bc9e215c9d818a46d72f3058c0ac1df86cf672a29ab0582a
Author: Sofie606
First commit

Switched to commit e79b7bf3e98567b5bc9e215c9d818a46d72f3058c0ac1df86cf672a29ab0582a.
?[1;31m
Start test 9?[0m
'wrongArg664' is not a SVCS command.
]]></system-out>
  <system-err><![CDATA[]]></system-err>
</testsuite>
